  dataReceiverW.cpp
C:\Users\madonato\source\repos\dataReceiverW\packages\libusb.1.0.21\src\include\libusb-1.0\libusb.h(738,2): warning C4200: nonstandard extension used: zero-sized array in struct/union
C:\Users\madonato\source\repos\dataReceiverW\packages\libusb.1.0.21\src\include\libusb-1.0\libusb.h(738,2): message : This member will be ignored by a defaulted constructor or copy/move assignment operator
C:\Users\madonato\source\repos\dataReceiverW\packages\libusb.1.0.21\src\include\libusb-1.0\libusb.h(769,2): warning C4200: nonstandard extension used: zero-sized array in struct/union
C:\Users\madonato\source\repos\dataReceiverW\packages\libusb.1.0.21\src\include\libusb-1.0\libusb.h(769,2): message : This member will be ignored by a defaulted constructor or copy/move assignment operator
C:\Users\madonato\source\repos\dataReceiverW\packages\libusb.1.0.21\src\include\libusb-1.0\libusb.h(1265,2): warning C4200: nonstandard extension used: zero-sized array in struct/union
C:\Users\madonato\source\repos\dataReceiverW\packages\libusb.1.0.21\src\include\libusb-1.0\libusb.h(1265,2): message : This member will be ignored by a defaulted constructor or copy/move assignment operator
C:\Users\madonato\source\repos\dataReceiverW\dataReceiverW.cpp(45,22): warning C4244: '=': conversion from '_Rep' to 'long', possible loss of data
          with
          [
              _Rep=__int64
          ]
C:\Users\madonato\source\repos\dataReceiverW\dataReceiverW.cpp(46,64): warning C4244: '=': conversion from '_Rep' to 'long', possible loss of data
          with
          [
              _Rep=__int64
          ]
C:\Users\madonato\source\repos\dataReceiverW\dataReceiverW.cpp(226,17): warning C4018: '<': signed/unsigned mismatch
C:\Users\madonato\source\repos\dataReceiverW\dataReceiverW.cpp(211,6): warning C4101: 'last_footer_position': unreferenced local variable
C:\Users\madonato\source\repos\dataReceiverW\dataReceiverW.cpp(210,6): warning C4101: 'first_header_position': unreferenced local variable
C:\Users\madonato\source\repos\dataReceiverW\dataReceiverW.cpp(418,7): warning C4101: 'buffer': unreferenced local variable
C:\Users\madonato\source\repos\dataReceiverW\dataReceiverW.cpp(666,4): error C2664: 'void libusb_fill_bulk_transfer(libusb_transfer *,libusb_device_handle *,unsigned char,unsigned char *,int,libusb_transfer_cb_fn,void *,unsigned int)': cannot convert argument 6 from 'void (__cdecl *)(libusb_transfer *)' to 'libusb_transfer_cb_fn'
C:\Users\madonato\source\repos\dataReceiverW\dataReceiverW.cpp(671,5): message : None of the functions with this name in scope match the target type
C:\Users\madonato\source\repos\dataReceiverW\packages\libusb.1.0.21\src\include\libusb-1.0\libusb.h(1553,20): message : see declaration of 'libusb_fill_bulk_transfer'
C:\Users\madonato\source\repos\dataReceiverW\dataReceiverW.cpp(699,4): error C2664: 'void libusb_fill_interrupt_transfer(libusb_transfer *,libusb_device_handle *,unsigned char,unsigned char *,int,libusb_transfer_cb_fn,void *,unsigned int)': cannot convert argument 6 from 'void (__cdecl *)(libusb_transfer *)' to 'libusb_transfer_cb_fn'
C:\Users\madonato\source\repos\dataReceiverW\dataReceiverW.cpp(700,40): message : None of the functions with this name in scope match the target type
C:\Users\madonato\source\repos\dataReceiverW\packages\libusb.1.0.21\src\include\libusb-1.0\libusb.h(1609,20): message : see declaration of 'libusb_fill_interrupt_transfer'
C:\Users\madonato\source\repos\dataReceiverW\dataReceiverW.cpp(707,4): error C2664: 'void libusb_fill_iso_transfer(libusb_transfer *,libusb_device_handle *,unsigned char,unsigned char *,int,int,libusb_transfer_cb_fn,void *,unsigned int)': cannot convert argument 7 from 'void (__cdecl *)(libusb_transfer *)' to 'libusb_transfer_cb_fn'
C:\Users\madonato\source\repos\dataReceiverW\dataReceiverW.cpp(708,33): message : None of the functions with this name in scope match the target type
C:\Users\madonato\source\repos\dataReceiverW\packages\libusb.1.0.21\src\include\libusb-1.0\libusb.h(1638,20): message : see declaration of 'libusb_fill_iso_transfer'
C:\Users\madonato\source\repos\dataReceiverW\dataReceiverW.cpp(902,3): error C4996: 'sscanf': This function or variable may be unsafe. Consider using sscanf_s instead. To disable deprecation, use _CRT_SECURE_NO_WARNINGS. See online help for details.
C:\Users\madonato\source\repos\dataReceiverW\dataReceiverW.cpp(920,5): error C4996: 'sprintf': This function or variable may be unsafe. Consider using sprintf_s instead. To disable deprecation, use _CRT_SECURE_NO_WARNINGS. See online help for details.
C:\Users\madonato\source\repos\dataReceiverW\dataReceiverW.cpp(924,5): error C4996: 'sprintf': This function or variable may be unsafe. Consider using sprintf_s instead. To disable deprecation, use _CRT_SECURE_NO_WARNINGS. See online help for details.
C:\Users\madonato\source\repos\dataReceiverW\dataReceiverW.cpp(927,11): error C4996: 'fopen': This function or variable may be unsafe. Consider using fopen_s instead. To disable deprecation, use _CRT_SECURE_NO_WARNINGS. See online help for details.
C:\Users\madonato\source\repos\dataReceiverW\dataReceiverW.cpp(1019,6): error C4996: 'sprintf': This function or variable may be unsafe. Consider using sprintf_s instead. To disable deprecation, use _CRT_SECURE_NO_WARNINGS. See online help for details.
C:\Users\madonato\source\repos\dataReceiverW\dataReceiverW.cpp(1023,6): error C4996: 'sprintf': This function or variable may be unsafe. Consider using sprintf_s instead. To disable deprecation, use _CRT_SECURE_NO_WARNINGS. See online help for details.
C:\Users\madonato\source\repos\dataReceiverW\dataReceiverW.cpp(1026,12): error C4996: 'fopen': This function or variable may be unsafe. Consider using fopen_s instead. To disable deprecation, use _CRT_SECURE_NO_WARNINGS. See online help for details.
